<?xml version="1.0" encoding="UTF-8"?>
<!-- Generated by org.testng.reporters.JUnitReportReporter -->
<testsuite skipped="0" hostname="DESKTOP-HFVGVI8" name="testNgdemo.Sample3" tests="2" failures="0" timestamp="2020-01-08T09:44:35 IST" time="38.705" errors="0">
  <testcase name="testCaseOne" time="15.137" classname="testNgdemo.Sample3"/>
  <testcase name="testCaseTwo" time="23.568" classname="testNgdemo.Sample3"/>
</testsuite> <!-- testNgdemo.Sample3 -->
