<?xml version="1.0" encoding="UTF-8"?>
<!-- Generated by org.testng.reporters.JUnitReportReporter -->
<testsuite skipped="0" hostname="DESKTOP-HFVGVI8" name="testNgdemo.Sample2" tests="2" failures="0" timestamp="2020-01-08T09:45:00 IST" time="0.021" errors="0">
  <testcase name="testCaseOne" time="0.019" classname="testNgdemo.Sample2"/>
  <testcase name="testCaseTwo" time="0.002" classname="testNgdemo.Sample2"/>
</testsuite> <!-- testNgdemo.Sample2 -->
