<?xml version="1.0" encoding="UTF-8"?>
<!-- Generated by org.testng.reporters.JUnitReportReporter -->
<testsuite skipped="0" hostname="DESKTOP-HFVGVI8" name="testNgdemo.Sample1" tests="3" failures="0" timestamp="2020-01-03T10:39:48 IST" time="0.013" errors="0">
  <testcase name="test_1" time="0.008" classname="testNgdemo.Sample1"/>
  <testcase name="test_3" time="0.003" classname="testNgdemo.Sample1"/>
  <testcase name="test_2" time="0.002" classname="testNgdemo.Sample1"/>
</testsuite> <!-- testNgdemo.Sample1 -->
