<?xml version="1.0" encoding="UTF-8"?>
<!-- Generated by org.testng.reporters.JUnitReportReporter -->
<testsuite skipped="0" hostname="DESKTOP-HFVGVI8" name="pages.Gurulogintest" tests="1" failures="0" timestamp="2020-01-08T09:32:18 IST" time="0.754" errors="0">
  <testcase name="runTestcase" time="0.754" classname="pages.Gurulogintest"/>
</testsuite> <!-- pages.Gurulogintest -->
